2026-05-07T07:30:08.949Z INFO Is remote: false
2026-05-07T07:30:08.950Z INFO Starting Local. Installation path: d:\
2026-05-07T07:30:08.951Z INFO [MainProvider] Creating new MainProvider instance...
2026-05-07T07:30:08.954Z INFO [TabsManager] Code view listener set up at initialization
2026-05-07T07:30:08.957Z INFO Installation path exists: d:\
2026-05-07T07:30:08.958Z INFO Initializing database with URL: file:d:\pythagora-core\data\database\pythagora.db
2026-05-07T07:30:08.965Z INFO Database file exists, skipping prisma generate/push for faster startup
2026-05-07T07:30:08.965Z INFO Database initialized successfully
2026-05-07T07:30:08.968Z INFO [Migration] Checking for database migration...
2026-05-07T07:30:10.745Z INFO [Migration] No migration needed
2026-05-07T07:53:59.812Z INFO Closing entire Pythagora extension...
2026-05-07T07:54:00.090Z ERROR Error closing extension
Error: Canceled
Stack: Canceled: Canceled
    at new sx (file:///c:/Users/harshavardan/AppData/Local/Programs/Microsoft%20VS%20Code/8b640eef5a/resources/app/out/vs/workbench/api/node/extensionHostProcess.js:407:151399)
    at i._remoteCall (file:///c:/Users/harshavardan/AppData/Local/Programs/Microsoft%20VS%20Code/8b640eef5a/resources/app/out/vs/workbench/api/node/extensionHostProcess.js:407:157451)
    at Proxy.r.<computed>.s.charCodeAt.r.<computed> (file:///c:/Users/harshavardan/AppData/Local/Programs/Microsoft%20VS%20Code/8b640eef5a/resources/app/out/vs/workbench/api/node/extensionHostProcess.js:407:154246)
    at kg._doExecuteCommand (file:///c:/Users/harshavardan/AppData/Local/Programs/Microsoft%20VS%20Code/8b640eef5a/resources/app/out/vs/workbench/api/node/extensionHostProcess.js:503:48120)
    at kg.executeCommand (file:///c:/Users/harshavardan/AppData/Local/Programs/Microsoft%20VS%20Code/8b640eef5a/resources/app/out/vs/workbench/api/node/extensionHostProcess.js:503:47567)
    at Object.executeCommand (file:///c:/Users/harshavardan/AppData/Local/Programs/Microsoft%20VS%20Code/8b640eef5a/resources/app/out/vs/workbench/api/node/extensionHostProcess.js:642:136237)
    at closeEntirePythagoraExtension (c:\Users\harshavardan\.vscode\extensions\pythagoratechnologies.pythagora-vs-code-2.6.19\out\extension.js:542:31)
    at Object.deactivate (c:\Users\harshavardan\.vscode\extensions\pythagoratechnologies.pythagora-vs-code-2.6.19\out\extension.js:409:15)
    at _P._deactivate (file:///c:/Users/harshavardan/AppData/Local/Programs/Microsoft%20VS%20Code/8b640eef5a/resources/app/out/vs/workbench/api/node/extensionHostProcess.js:507:14483)
    at file:///c:/Users/harshavardan/AppData/Local/Programs/Microsoft%20VS%20Code/8b640eef5a/resources/app/out/vs/workbench/api/node/extensionHostProcess.js:507:12010
    at Array.map (<anonymous>)
    at _P._deactivateAll (file:///c:/Users/harshavardan/AppData/Local/Programs/Microsoft%20VS%20Code/8b640eef5a/resources/app/out/vs/workbench/api/node/extensionHostProcess.js:507:11998)
    at _P.terminate (file:///c:/Users/harshavardan/AppData/Local/Programs/Microsoft%20VS%20Code/8b640eef5a/resources/app/out/vs/workbench/api/node/extensionHostProcess.js:507:12349)
    at i.terminate (file:///c:/Users/harshavardan/AppData/Local/Programs/Microsoft%20VS%20Code/8b640eef5a/resources/app/out/vs/workbench/api/node/extensionHostProcess.js:509:1072)
    at Qs (file:///c:/Users/harshavardan/AppData/Local/Programs/Microsoft%20VS%20Code/8b640eef5a/resources/app/out/vs/workbench/api/node/extensionHostProcess.js:806:11700)
    at up.value (file:///c:/Users/harshavardan/AppData/Local/Programs/Microsoft%20VS%20Code/8b640eef5a/resources/app/out/vs/workbench/api/node/extensionHostProcess.js:806:9847)
    at E._deliver (file:///c:/Users/harshavardan/AppData/Local/Programs/Microsoft%20VS%20Code/8b640eef5a/resources/app/out/vs/workbench/api/node/extensionHostProcess.js:403:3244)
    at E.fire (file:///c:/Users/harshavardan/AppData/Local/Programs/Microsoft%20VS%20Code/8b640eef5a/resources/app/out/vs/workbench/api/node/extensionHostProcess.js:403:3562)
    at ls.fire (file:///c:/Users/harshavardan/AppData/Local/Programs/Microsoft%20VS%20Code/8b640eef5a/resources/app/out/vs/workbench/api/node/extensionHostProcess.js:405:8437)
    at MessagePortMain.<anonymous> (file:///c:/Users/harshavardan/AppData/Local/Programs/Microsoft%20VS%20Code/8b640eef5a/resources/app/out/vs/workbench/api/node/extensionHostProcess.js:806:8082)
    at MessagePortMain.emit (node:events:519:28)
    at Object.MessagePortMain._internalPort.emit (node:electron/js2c/utility_init:2:2959)
Extra context: {
  "message": "Canceled"
}
